Build started 31/03/2014 14:41:10.
     1>Project "F:\Documents\University\Game Simulations\Simulation Project 1\Simulation Project 1\Simulation Project 1.vcxproj" on node 2 (build target(s)).
     1>InitializeBuildStatus:
         Creating "Debug\Simulation Project 1.unsuccessfulbuild" because "AlwaysCreate" was specified.
       ClCompile:
         f:\Program Files\Microsoft Visual Studio 10.0\VC\bin\CL.exe /c /ZI /nologo /W3 /WX- /Od /Oy- /D _MBCS /Gm /EHsc /RTC1 /MDd /GS /fp:precise /Zc:wchar_t /Zc:forScope /Fo"Debug\\" /Fd"Debug\vc100.pdb" /Gd /TP /analyze- /errorReport:prompt Entity.cpp SimulationWorld.cpp test.cpp
         Entity.cpp
     1>f:\documents\university\game simulations\simulation project 1\simulation project 1\entity.cpp(35): warning C4305: 'argument' : truncation from 'double' to 'float'
         Generating Code...
         Compiling...
         test.cpp
         SimulationWorld.cpp
     1>f:\documents\university\game simulations\simulation project 1\simulation project 1\simulationworld.cpp(86): warning C4154: deletion of an array expression; conversion to pointer supplied
         Generating Code...
       Link:
         f:\Program Files\Microsoft Visual Studio 10.0\VC\bin\link.exe /ERRORREPORT:PROMPT /OUT:"F:\Documents\University\Game Simulations\Simulation Project 1\Debug\Simulation Project 1.exe" /NOLOGO kernel32.lib user32.lib gdi32.lib winspool.lib comdlg32.lib advapi32.lib shell32.lib ole32.lib oleaut32.lib uuid.lib odbc32.lib odbccp32.lib /MANIFEST /ManifestFile:"Debug\Simulation Project 1.exe.intermediate.manifest" /MANIFESTUAC:"level='asInvoker' uiAccess='false'" /DEBUG /PDB:"F:\Documents\University\Game Simulations\Simulation Project 1\Debug\Simulation Project 1.pdb" /TLBID:1 /DYNAMICBASE /NXCOMPAT /IMPLIB:"F:\Documents\University\Game Simulations\Simulation Project 1\Debug\Simulation Project 1.lib" /MACHINE:X86 Debug\Entity.obj
         Debug\GameTimer.obj
         Debug\SimulationWorld.obj
         Debug\test.obj
         Debug\Vector3.obj
         LINK : F:\Documents\University\Game Simulations\Simulation Project 1\Debug\Simulation Project 1.exe not found or not built by the last incremental link; performing full link
         Simulation Project 1.vcxproj -> F:\Documents\University\Game Simulations\Simulation Project 1\Debug\Simulation Project 1.exe
       Manifest:
         C:\Program Files (x86)\Microsoft SDKs\Windows\v7.0A\bin\mt.exe /nologo /verbose /outputresource:"F:\Documents\University\Game Simulations\Simulation Project 1\Debug\Simulation Project 1.exe;#1" /manifest "Debug\Simulation Project 1.exe.intermediate.manifest"
       FinalizeBuildStatus:
         Deleting file "Debug\Simulation Project 1.unsuccessfulbuild".
         Touching "Debug\Simulation Project 1.lastbuildstate".
     1>Done Building Project "F:\Documents\University\Game Simulations\Simulation Project 1\Simulation Project 1\Simulation Project 1.vcxproj" (build target(s)).

Build succeeded.

Time Elapsed 00:00:33.60
