F:\DOCUMENTS\UNIVERSITY\GAME SIMULATIONS\SIMULATION PROJECT 1\DEBUG\SIMULATION PROJECT 1.EXE
F:\DOCUMENTS\UNIVERSITY\GAME SIMULATIONS\SIMULATION PROJECT 1\DEBUG\SIMULATION PROJECT 1.ILK
F:\DOCUMENTS\UNIVERSITY\GAME SIMULATIONS\SIMULATION PROJECT 1\DEBUG\SIMULATION PROJECT 1.PDB
F:\Documents\University\Game Simulations\Simulation Project 1\Simulation Project 1\Debug\cl.command.1.tlog
F:\Documents\University\Game Simulations\Simulation Project 1\Simulation Project 1\Debug\CL.read.1.tlog
F:\Documents\University\Game Simulations\Simulation Project 1\Simulation Project 1\Debug\CL.write.1.tlog
F:\DOCUMENTS\UNIVERSITY\GAME SIMULATIONS\SIMULATION PROJECT 1\SIMULATION PROJECT 1\DEBUG\ENTITY.OBJ
F:\DOCUMENTS\UNIVERSITY\GAME SIMULATIONS\SIMULATION PROJECT 1\SIMULATION PROJECT 1\DEBUG\GAMETIMER.OBJ
F:\Documents\University\Game Simulations\Simulation Project 1\Simulation Project 1\Debug\link.command.1.tlog
F:\Documents\University\Game Simulations\Simulation Project 1\Simulation Project 1\Debug\link.read.1.tlog
F:\Documents\University\Game Simulations\Simulation Project 1\Simulation Project 1\Debug\link.write.1.tlog
F:\Documents\University\Game Simulations\Simulation Project 1\Simulation Project 1\Debug\mt.command.1.tlog
F:\Documents\University\Game Simulations\Simulation Project 1\Simulation Project 1\Debug\mt.read.1.tlog
F:\Documents\University\Game Simulations\Simulation Project 1\Simulation Project 1\Debug\mt.write.1.tlog
F:\DOCUMENTS\UNIVERSITY\GAME SIMULATIONS\SIMULATION PROJECT 1\SIMULATION PROJECT 1\DEBUG\SIMULATION PROJECT 1.EXE.INTERMEDIATE.MANIFEST
F:\Documents\University\Game Simulations\Simulation Project 1\Simulation Project 1\Debug\Simulation Project 1.vcxprojResolveAssemblyReference.cache
F:\Documents\University\Game Simulations\Simulation Project 1\Simulation Project 1\Debug\Simulation Project 1.write.1.tlog
F:\DOCUMENTS\UNIVERSITY\GAME SIMULATIONS\SIMULATION PROJECT 1\SIMULATION PROJECT 1\DEBUG\SIMULATIONWORLD.OBJ
F:\DOCUMENTS\UNIVERSITY\GAME SIMULATIONS\SIMULATION PROJECT 1\SIMULATION PROJECT 1\DEBUG\TEST.OBJ
F:\Documents\University\Game Simulations\Simulation Project 1\Simulation Project 1\Debug\vc100.idb
F:\DOCUMENTS\UNIVERSITY\GAME SIMULATIONS\SIMULATION PROJECT 1\SIMULATION PROJECT 1\DEBUG\VC100.PDB
F:\DOCUMENTS\UNIVERSITY\GAME SIMULATIONS\SIMULATION PROJECT 1\SIMULATION PROJECT 1\DEBUG\VECTOR3.OBJ
